2025-01-30 10:41:54.345 [info] Added views:outline in workbench.view.explorer
2025-01-30 10:41:54.345 [info] Added views:workbench.view.search in workbench.view.search
2025-01-30 10:41:54.345 [info] Added views:workbench.scm in workbench.view.scm
2025-01-30 10:41:54.345 [info] Added views:workbench.panel.markers.view in workbench.panel.markers
2025-01-30 10:41:54.345 [info] Added views:workbench.panel.output in workbench.panel.output
2025-01-30 10:41:54.345 [info] Added views:terminal in terminal
2025-01-30 10:41:54.345 [info] Added views:timeline in workbench.view.explorer
2025-01-30 10:41:54.345 [info] Added views:workbench.explorer.emptyView in workbench.view.explorer
2025-01-30 10:41:54.518 [info] Added views:workbench.debug.welcome in workbench.view.debug
2025-01-30 10:41:55.033 [info] Added views:workbench.panel.repl.view in workbench.panel.repl
2025-01-30 10:41:55.485 [info] Added views:~remote.forwardedPorts in ~remote.forwardedPortsContainer
2025-01-30 10:42:21.927 [info] Added views:workbench.views.extensions.installed,workbench.views.extensions.popular,extensions.recommendedList in workbench.view.extensions
2025-01-30 10:42:21.929 [info] Removed views:workbench.views.extensions.popular from workbench.view.extensions
2025-01-30 10:42:22.129 [info] Added views:workbench.views.extensions.popular in workbench.view.extensions
2025-01-30 10:42:30.644 [info] Removed views:extensions.recommendedList,workbench.views.extensions.popular,workbench.views.extensions.installed from workbench.view.extensions
2025-01-30 10:42:30.652 [info] Added views:workbench.views.extensions.marketplace in workbench.view.extensions
2025-01-30 10:43:56.256 [info] Added views:outline in workbench.view.explorer
2025-01-30 10:43:56.256 [info] Added views:workbench.view.search in workbench.view.search
2025-01-30 10:43:56.256 [info] Added views:workbench.scm in workbench.view.scm
2025-01-30 10:43:56.256 [info] Added views:workbench.panel.markers.view in workbench.panel.markers
2025-01-30 10:43:56.256 [info] Added views:workbench.panel.output in workbench.panel.output
2025-01-30 10:43:56.256 [info] Added views:terminal in terminal
2025-01-30 10:43:56.256 [info] Added views:timeline in workbench.view.explorer
2025-01-30 10:43:56.257 [info] Added views:workbench.explorer.fileView in workbench.view.explorer
2025-01-30 10:43:56.799 [info] Added views:workbench.debug.variablesView,workbench.debug.watchExpressionsView,workbench.debug.callStackView,workbench.debug.breakPointsView in workbench.view.debug
2025-01-30 10:43:56.815 [info] Added views:workbench.panel.repl.view in workbench.panel.repl
2025-01-30 10:43:56.816 [info] Removed views:workbench.debug.breakPointsView,workbench.debug.callStackView,workbench.debug.watchExpressionsView,workbench.debug.variablesView from workbench.view.debug
2025-01-30 10:43:56.817 [info] Added views:workbench.debug.welcome in workbench.view.debug
2025-01-30 10:43:56.886 [info] Added views:~remote.forwardedPorts in ~remote.forwardedPortsContainer
