2025-01-30 10:42:41.991 [info] [main] Log level: Info
2025-01-30 10:42:41.991 [info] [main] Validating found git in: "git"
2025-01-30 10:42:42.014 [info] [main] Using git "2.48.1" from "git"
2025-01-30 10:42:42.014 [info] [Model][doInitialScan] Initial repository scan started
2025-01-30 10:42:42.015 [info] [Model][doInitialScan] Initial repository scan completed - repositories (0), closed repositories (0), parent repositories (0), unsafe repositories (0)
2025-01-30 10:43:23.128 [info] > git rev-parse --show-toplevel [2ms]
2025-01-30 10:43:23.128 [info] fatal: not a git repository (or any parent up to mount point /)
Stopping at filesystem boundary (GIT_DISCOVERY_ACROSS_FILESYSTEM not set).
2025-01-30 10:43:31.035 [info] > git rev-parse --show-toplevel [2ms]
2025-01-30 10:43:31.035 [info] fatal: not a git repository (or any parent up to mount point /)
Stopping at filesystem boundary (GIT_DISCOVERY_ACROSS_FILESYSTEM not set).
2025-01-30 10:44:05.814 [info] [main] Log level: Info
2025-01-30 10:44:05.814 [info] [main] Validating found git in: "git"
2025-01-30 10:44:05.814 [info] [main] Using git "2.48.1" from "git"
2025-01-30 10:44:05.814 [info] [Model][doInitialScan] Initial repository scan started
2025-01-30 10:44:05.814 [info] > git rev-parse --show-toplevel [5ms]
2025-01-30 10:44:05.814 [info] fatal: not a git repository (or any parent up to mount point /)
Stopping at filesystem boundary (GIT_DISCOVERY_ACROSS_FILESYSTEM not set).
2025-01-30 10:44:05.814 [info] [Model][doInitialScan] Initial repository scan completed - repositories (0), closed repositories (0), parent repositories (0), unsafe repositories (0)
2025-01-30 10:44:09.273 [info] > git rev-parse --show-toplevel [2ms]
2025-01-30 10:44:09.273 [info] fatal: not a git repository (or any parent up to mount point /)
Stopping at filesystem boundary (GIT_DISCOVERY_ACROSS_FILESYSTEM not set).
2025-01-30 10:44:46.822 [info] > git rev-parse --show-toplevel [4ms]
2025-01-30 10:44:46.822 [info] fatal: not a git repository (or any parent up to mount point /)
Stopping at filesystem boundary (GIT_DISCOVERY_ACROSS_FILESYSTEM not set).
2025-01-30 10:44:48.561 [info] > git rev-parse --show-toplevel [2ms]
2025-01-30 10:44:48.561 [info] fatal: not a git repository (or any parent up to mount point /)
Stopping at filesystem boundary (GIT_DISCOVERY_ACROSS_FILESYSTEM not set).
2025-01-30 15:47:21.315 [info] > git rev-parse --show-toplevel [2ms]
2025-01-30 15:47:24.231 [info] > git rev-parse --show-toplevel [2ms]
2025-01-30 15:47:35.609 [info] > git rev-parse --show-toplevel [2ms]
2025-01-30 15:47:36.934 [info] > git rev-parse --show-toplevel [2ms]
2025-01-30 15:48:37.043 [info] > git rev-parse --show-toplevel [1ms]
